TN:
SF:src\custom.d.ts
FNF:0
FNH:0
LF:0
LH:0
BRF:0
BRH:0
end_of_record
TN:
SF:src\index.ts
FN:17,(anonymous_1)
FN:28,(anonymous_2)
FNF:2
FNH:2
FNDA:23,(anonymous_1)
FNDA:1,(anonymous_2)
DA:1,1
DA:2,1
DA:3,1
DA:5,1
DA:6,1
DA:8,1
DA:9,1
DA:12,1
DA:14,1
DA:17,1
DA:18,23
DA:19,23
DA:23,1
DA:28,1
DA:29,1
DA:33,1
DA:35,1
DA:36,1
DA:38,1
LF:19
LH:19
BRF:0
BRH:0
end_of_record
TN:
SF:src\swaggerConfig.ts
FN:42,(anonymous_1)
FNF:1
FNH:1
FNDA:1,(anonymous_1)
DA:1,1
DA:2,1
DA:4,1
DA:41,1
DA:42,1
DA:43,1
DA:46,1
LF:7
LH:7
BRF:0
BRH:0
end_of_record
TN:
SF:src\modules\blogs\controller\blogController.ts
FN:10,(anonymous_8)
FN:10,(anonymous_9)
FN:47,(anonymous_10)
FN:47,(anonymous_11)
FN:61,(anonymous_12)
FN:61,(anonymous_13)
FN:85,(anonymous_14)
FN:85,(anonymous_15)
FN:107,(anonymous_16)
FN:107,(anonymous_17)
FNF:10
FNH:6
FNDA:0,(anonymous_8)
FNDA:0,(anonymous_9)
FNDA:1,(anonymous_10)
FNDA:1,(anonymous_11)
FNDA:3,(anonymous_12)
FNDA:3,(anonymous_13)
FNDA:3,(anonymous_14)
FNDA:3,(anonymous_15)
FNDA:0,(anonymous_16)
FNDA:0,(anonymous_17)
DA:1,1
DA:3,1
DA:6,1
DA:7,1
DA:9,1
DA:10,0
DA:12,0
DA:13,0
DA:14,0
DA:15,0
DA:16,0
DA:21,0
DA:22,0
DA:23,0
DA:30,0
DA:36,0
DA:37,0
DA:39,0
DA:47,1
DA:48,1
DA:49,1
DA:50,1
DA:52,0
DA:53,0
DA:61,3
DA:62,3
DA:63,3
DA:64,1
DA:65,1
DA:67,2
DA:69,2
DA:70,2
DA:71,2
DA:72,2
DA:74,0
DA:76,0
DA:77,0
DA:85,3
DA:86,3
DA:87,3
DA:88,1
DA:89,1
DA:91,2
DA:92,2
DA:93,2
DA:94,2
DA:95,2
DA:97,0
DA:99,0
DA:100,0
DA:107,1
DA:108,0
DA:109,0
DA:110,0
DA:111,0
DA:113,0
DA:115,0
DA:116,0
DA:117,0
DA:118,0
DA:122,0
DA:130,0
DA:135,0
DA:137,0
DA:138,0
DA:145,1
LF:66
LH:31
BRDA:15,0,0,0
BRDA:15,0,1,0
BRDA:26,1,0,0
BRDA:26,1,1,0
BRDA:26,2,0,0
BRDA:26,2,1,0
BRDA:63,3,0,1
BRDA:63,3,1,2
BRDA:70,4,0,2
BRDA:70,4,1,0
BRDA:87,5,0,1
BRDA:87,5,1,2
BRDA:93,6,0,2
BRDA:93,6,1,0
BRDA:109,7,0,0
BRDA:109,7,1,0
BRDA:116,8,0,0
BRDA:116,8,1,0
BRDA:123,9,0,0
BRDA:123,9,1,0
BRDA:124,10,0,0
BRDA:124,10,1,0
BRDA:125,11,0,0
BRDA:125,11,1,0
BRDA:126,12,0,0
BRDA:126,12,1,0
BRF:26
BRH:6
end_of_record
TN:
SF:src\modules\blogs\repository\blogRepository.ts
FN:5,(anonymous_8)
FN:10,(anonymous_9)
FN:21,(anonymous_10)
FN:21,(anonymous_11)
FN:26,(anonymous_12)
FN:26,(anonymous_13)
FN:31,(anonymous_14)
FN:31,(anonymous_15)
FN:36,(anonymous_16)
FN:36,(anonymous_17)
FNF:10
FNH:6
FNDA:0,(anonymous_8)
FNDA:0,(anonymous_9)
FNDA:1,(anonymous_10)
FNDA:1,(anonymous_11)
FNDA:2,(anonymous_12)
FNDA:2,(anonymous_13)
FNDA:2,(anonymous_14)
FNDA:2,(anonymous_15)
FNDA:0,(anonymous_16)
FNDA:0,(anonymous_17)
DA:2,1
DA:5,1
DA:10,0
DA:12,0
DA:15,0
DA:17,0
DA:21,1
DA:22,1
DA:26,2
DA:27,2
DA:31,2
DA:32,2
DA:36,1
DA:37,0
DA:39,0
DA:44,0
DA:46,0
DA:50,1
LF:18
LH:10
BRDA:32,0,0,0
BRDA:32,0,1,2
BRF:2
BRH:1
end_of_record
TN:
SF:src\modules\blogs\test\blogController.spec.ts
FN:14,(anonymous_14)
FN:20,(anonymous_15)
FN:21,(anonymous_16)
FN:22,(anonymous_17)
FN:22,(anonymous_18)
FN:53,(anonymous_19)
FN:54,(anonymous_20)
FN:54,(anonymous_21)
FN:64,(anonymous_22)
FN:65,(anonymous_23)
FN:65,(anonymous_24)
FN:74,(anonymous_25)
FN:74,(anonymous_26)
FN:81,(anonymous_27)
FN:81,(anonymous_28)
FN:89,(anonymous_29)
FN:90,(anonymous_30)
FN:90,(anonymous_31)
FN:97,(anonymous_32)
FN:97,(anonymous_33)
FN:104,(anonymous_34)
FN:104,(anonymous_35)
FNF:22
FNH:22
FNDA:8,(anonymous_14)
FNDA:1,(anonymous_15)
FNDA:1,(anonymous_16)
FNDA:1,(anonymous_17)
FNDA:1,(anonymous_18)
FNDA:1,(anonymous_19)
FNDA:1,(anonymous_20)
FNDA:1,(anonymous_21)
FNDA:1,(anonymous_22)
FNDA:1,(anonymous_23)
FNDA:1,(anonymous_24)
FNDA:1,(anonymous_25)
FNDA:1,(anonymous_26)
FNDA:1,(anonymous_27)
FNDA:1,(anonymous_28)
FNDA:1,(anonymous_29)
FNDA:1,(anonymous_30)
FNDA:1,(anonymous_31)
FNDA:1,(anonymous_32)
FNDA:1,(anonymous_33)
FNDA:1,(anonymous_34)
FNDA:1,(anonymous_35)
DA:2,1
DA:3,1
DA:4,1
DA:5,1
DA:6,1
DA:10,1
DA:11,1
DA:13,1
DA:14,8
DA:15,1
DA:16,1
DA:17,1
DA:18,1
DA:20,1
DA:21,1
DA:22,1
DA:23,1
DA:40,1
DA:41,0
DA:42,0
DA:43,0
DA:47,0
DA:48,0
DA:49,0
DA:53,1
DA:54,1
DA:55,1
DA:56,1
DA:57,1
DA:58,1
DA:59,1
DA:60,1
DA:64,1
DA:65,1
DA:66,1
DA:67,1
DA:68,0
DA:69,0
DA:70,0
DA:71,0
DA:74,1
DA:75,1
DA:76,1
DA:77,1
DA:78,1
DA:81,1
DA:82,1
DA:83,1
DA:84,1
DA:85,1
DA:89,1
DA:90,1
DA:91,1
DA:92,1
DA:93,0
DA:94,0
DA:97,1
DA:98,1
DA:99,1
DA:100,1
DA:101,1
DA:104,1
DA:105,1
DA:106,1
DA:107,1
DA:108,1
LF:66
LH:54
BRF:0
BRH:0
end_of_record
TN:
SF:src\modules\comments\controller\commentsController.ts
FN:4,(anonymous_8)
FN:4,(anonymous_9)
FN:27,(anonymous_10)
FN:27,(anonymous_11)
FN:42,(anonymous_12)
FN:42,(anonymous_13)
FN:57,(anonymous_14)
FN:57,(anonymous_15)
FNF:8
FNH:4
FNDA:1,(anonymous_8)
FNDA:1,(anonymous_9)
FNDA:1,(anonymous_10)
FNDA:1,(anonymous_11)
FNDA:0,(anonymous_12)
FNDA:0,(anonymous_13)
FNDA:0,(anonymous_14)
FNDA:0,(anonymous_15)
DA:2,1
DA:4,1
DA:5,1
DA:6,1
DA:7,1
DA:8,1
DA:15,1
DA:19,0
DA:20,0
DA:27,1
DA:28,1
DA:29,1
DA:30,1
DA:31,1
DA:35,0
DA:36,0
DA:42,1
DA:43,0
DA:44,0
DA:45,0
DA:46,0
DA:50,0
DA:51,0
DA:57,1
DA:58,0
DA:60,0
DA:61,0
DA:62,0
DA:66,0
DA:67,0
DA:72,1
LF:31
LH:15
BRF:0
BRH:0
end_of_record
TN:
SF:src\modules\comments\repository\commentsRepository.ts
FN:2,(anonymous_8)
FN:8,(anonymous_9)
FN:16,(anonymous_10)
FN:16,(anonymous_11)
FN:21,(anonymous_12)
FN:21,(anonymous_13)
FN:27,(anonymous_14)
FN:27,(anonymous_15)
FNF:8
FNH:4
FNDA:1,(anonymous_8)
FNDA:1,(anonymous_9)
FNDA:1,(anonymous_10)
FNDA:1,(anonymous_11)
FNDA:0,(anonymous_12)
FNDA:0,(anonymous_13)
FNDA:0,(anonymous_14)
FNDA:0,(anonymous_15)
DA:1,1
DA:2,1
DA:8,1
DA:9,1
DA:11,1
DA:13,1
DA:16,1
DA:17,1
DA:18,1
DA:21,1
DA:22,0
DA:23,0
DA:27,1
DA:28,0
DA:29,0
DA:36,1
LF:16
LH:12
BRF:0
BRH:0
end_of_record
TN:
SF:src\modules\comments\test\commentsController.spec.ts
FN:6,(anonymous_14)
FN:9,(anonymous_15)
FN:10,(anonymous_16)
FN:11,(anonymous_17)
FN:11,(anonymous_18)
FN:31,(anonymous_19)
FN:32,(anonymous_20)
FN:32,(anonymous_21)
FN:42,(anonymous_22)
FN:42,(anonymous_23)
FNF:10
FNH:10
FNDA:3,(anonymous_14)
FNDA:1,(anonymous_15)
FNDA:1,(anonymous_16)
FNDA:1,(anonymous_17)
FNDA:1,(anonymous_18)
FNDA:1,(anonymous_19)
FNDA:1,(anonymous_20)
FNDA:1,(anonymous_21)
FNDA:1,(anonymous_22)
FNDA:1,(anonymous_23)
DA:1,1
DA:2,1
DA:3,1
DA:5,1
DA:6,3
DA:7,1
DA:9,1
DA:10,1
DA:11,1
DA:12,1
DA:21,1
DA:22,1
DA:23,1
DA:24,1
DA:25,1
DA:26,1
DA:27,1
DA:31,1
DA:32,1
DA:33,1
DA:34,1
DA:35,1
DA:36,1
DA:37,1
DA:38,1
DA:39,1
DA:42,1
DA:43,1
DA:44,1
LF:29
LH:29
BRF:0
BRH:0
end_of_record
TN:
SF:src\modules\messages\controller\messageController.ts
FN:5,(anonymous_8)
FN:5,(anonymous_9)
FN:54,(anonymous_10)
FN:54,(anonymous_11)
FN:72,(anonymous_12)
FN:72,(anonymous_13)
FNF:6
FNH:4
FNDA:1,(anonymous_8)
FNDA:1,(anonymous_9)
FNDA:0,(anonymous_10)
FNDA:0,(anonymous_11)
FNDA:2,(anonymous_12)
FNDA:2,(anonymous_13)
DA:2,1
DA:3,1
DA:5,1
DA:6,1
DA:7,1
DA:10,1
DA:18,1
DA:29,1
DA:37,1
DA:40,1
DA:46,0
DA:47,0
DA:54,1
DA:55,0
DA:56,0
DA:57,0
DA:58,0
DA:62,0
DA:66,0
DA:67,0
DA:72,2
DA:73,2
DA:74,2
DA:75,2
DA:76,2
DA:77,0
DA:81,2
DA:84,0
DA:85,0
DA:89,1
LF:30
LH:18
BRDA:57,0,0,0
BRDA:57,0,1,0
BRDA:76,1,0,0
BRDA:76,1,1,2
BRF:4
BRH:1
end_of_record
TN:
SF:src\modules\messages\repository\messageRepository.ts
FN:3,(anonymous_8)
FN:8,(anonymous_9)
FN:18,(anonymous_10)
FN:18,(anonymous_11)
FN:28,(anonymous_12)
FN:28,(anonymous_13)
FNF:6
FNH:4
FNDA:1,(anonymous_8)
FNDA:1,(anonymous_9)
FNDA:2,(anonymous_10)
FNDA:2,(anonymous_11)
FNDA:0,(anonymous_12)
FNDA:0,(anonymous_13)
DA:1,1
DA:3,1
DA:8,1
DA:10,1
DA:13,1
DA:15,1
DA:18,2
DA:19,2
DA:20,2
DA:21,1
DA:23,1
DA:24,1
DA:28,1
DA:29,0
DA:32,1
LF:15
LH:14
BRF:0
BRH:0
end_of_record
TN:
SF:src\modules\messages\test\messageController.spec.ts
FN:6,(anonymous_14)
FN:9,(anonymous_15)
FN:10,(anonymous_16)
FN:11,(anonymous_17)
FN:11,(anonymous_18)
FN:31,(anonymous_19)
FN:32,(anonymous_20)
FN:32,(anonymous_21)
FN:45,(anonymous_22)
FN:46,(anonymous_23)
FN:46,(anonymous_24)
FN:55,(anonymous_25)
FN:55,(anonymous_26)
FNF:13
FNH:13
FNDA:4,(anonymous_14)
FNDA:1,(anonymous_15)
FNDA:1,(anonymous_16)
FNDA:1,(anonymous_17)
FNDA:1,(anonymous_18)
FNDA:1,(anonymous_19)
FNDA:1,(anonymous_20)
FNDA:1,(anonymous_21)
FNDA:1,(anonymous_22)
FNDA:1,(anonymous_23)
FNDA:1,(anonymous_24)
FNDA:1,(anonymous_25)
FNDA:1,(anonymous_26)
DA:1,1
DA:2,1
DA:3,1
DA:5,1
DA:6,4
DA:7,1
DA:9,1
DA:10,1
DA:11,1
DA:12,1
DA:21,1
DA:22,1
DA:23,1
DA:24,1
DA:25,1
DA:26,1
DA:27,1
DA:31,1
DA:32,1
DA:33,1
DA:34,1
DA:35,0
DA:36,0
DA:37,0
DA:38,0
DA:39,0
DA:45,1
DA:46,1
DA:48,1
DA:49,1
DA:50,0
DA:51,0
DA:52,0
DA:55,1
DA:56,1
DA:57,1
DA:58,1
DA:59,1
DA:60,1
LF:39
LH:31
BRF:0
BRH:0
end_of_record
TN:
SF:src\modules\projects\controller\projectsController.ts
FN:9,(anonymous_8)
FN:9,(anonymous_9)
FN:45,(anonymous_10)
FN:45,(anonymous_11)
FN:64,(anonymous_12)
FN:64,(anonymous_13)
FNF:6
FNH:4
FNDA:1,(anonymous_8)
FNDA:1,(anonymous_9)
FNDA:0,(anonymous_10)
FNDA:0,(anonymous_11)
FNDA:2,(anonymous_12)
FNDA:2,(anonymous_13)
DA:2,1
DA:3,1
DA:4,1
DA:9,1
DA:10,1
DA:11,1
DA:12,1
DA:17,0
DA:18,0
DA:19,0
DA:20,0
DA:21,0
DA:30,0
DA:36,0
DA:37,0
DA:45,1
DA:46,0
DA:47,0
DA:48,0
DA:49,0
DA:53,0
DA:55,0
DA:56,0
DA:64,2
DA:65,2
DA:66,2
DA:67,2
DA:72,2
DA:73,2
DA:75,0
DA:76,0
DA:78,0
DA:84,2
DA:85,2
DA:92,1
LF:35
LH:17
BRDA:11,0,0,1
BRDA:11,0,1,0
BRDA:20,1,0,0
BRDA:20,1,1,0
BRDA:20,2,0,0
BRDA:20,2,1,0
BRDA:48,3,0,0
BRDA:48,3,1,0
BRDA:66,4,0,2
BRDA:66,4,1,0
BRDA:75,5,0,0
BRDA:75,5,1,0
BRF:12
BRH:2
end_of_record
TN:
SF:src\modules\projects\repository\projectsRepository.ts
FN:6,(anonymous_8)
FN:13,(anonymous_9)
FN:20,(anonymous_10)
FN:20,(anonymous_11)
FN:25,(anonymous_12)
FN:25,(anonymous_13)
FNF:6
FNH:2
FNDA:0,(anonymous_8)
FNDA:0,(anonymous_9)
FNDA:0,(anonymous_10)
FNDA:0,(anonymous_11)
FNDA:2,(anonymous_12)
FNDA:2,(anonymous_13)
DA:3,1
DA:6,1
DA:13,0
DA:14,0
DA:15,0
DA:16,0
DA:20,1
DA:21,0
DA:25,2
DA:26,2
DA:29,1
LF:11
LH:6
BRDA:26,0,0,0
BRDA:26,0,1,0
BRF:2
BRH:0
end_of_record
TN:
SF:src\modules\projects\test\projectsController.spec.ts
FN:6,(anonymous_14)
FN:8,(anonymous_15)
FN:9,(anonymous_16)
FN:10,(anonymous_17)
FN:10,(anonymous_18)
FN:29,(anonymous_19)
FN:29,(anonymous_20)
FN:45,(anonymous_21)
FN:46,(anonymous_22)
FN:46,(anonymous_23)
FN:58,(anonymous_24)
FN:59,(anonymous_25)
FN:59,(anonymous_26)
FN:70,(anonymous_27)
FN:70,(anonymous_28)
FNF:15
FNH:15
FNDA:5,(anonymous_14)
FNDA:1,(anonymous_15)
FNDA:1,(anonymous_16)
FNDA:1,(anonymous_17)
FNDA:1,(anonymous_18)
FNDA:1,(anonymous_19)
FNDA:1,(anonymous_20)
FNDA:1,(anonymous_21)
FNDA:1,(anonymous_22)
FNDA:1,(anonymous_23)
FNDA:1,(anonymous_24)
FNDA:1,(anonymous_25)
FNDA:1,(anonymous_26)
FNDA:1,(anonymous_27)
FNDA:1,(anonymous_28)
DA:1,1
DA:2,1
DA:3,1
DA:5,1
DA:6,5
DA:8,1
DA:9,1
DA:10,1
DA:11,1
DA:20,0
DA:21,0
DA:22,0
DA:23,0
DA:24,0
DA:25,0
DA:26,0
DA:29,1
DA:30,1
DA:38,1
DA:39,1
DA:40,1
DA:41,1
DA:45,1
DA:46,1
DA:47,1
DA:48,1
DA:49,0
DA:50,0
DA:51,0
DA:52,0
DA:58,1
DA:59,1
DA:61,1
DA:63,1
DA:64,1
DA:65,0
DA:66,0
DA:67,0
DA:70,1
DA:71,1
DA:72,1
DA:73,1
DA:74,1
LF:43
LH:29
BRF:0
BRH:0
end_of_record
TN:
SF:src\modules\users\controller\userController.ts
FN:8,(anonymous_8)
FN:8,(anonymous_9)
FN:38,(anonymous_10)
FN:38,(anonymous_11)
FNF:4
FNH:4
FNDA:1,(anonymous_8)
FNDA:1,(anonymous_9)
FNDA:3,(anonymous_10)
FNDA:3,(anonymous_11)
DA:2,1
DA:3,1
DA:4,1
DA:5,1
DA:6,1
DA:8,1
DA:9,1
DA:11,1
DA:13,1
DA:14,0
DA:15,0
DA:21,0
DA:24,0
DA:26,0
DA:32,0
DA:33,0
DA:38,3
DA:39,3
DA:41,3
DA:43,3
DA:44,0
DA:45,0
DA:51,0
DA:54,0
DA:55,0
DA:56,0
DA:62,0
DA:66,0
DA:70,0
DA:71,0
DA:75,1
LF:31
LH:14
BRDA:14,0,0,0
BRDA:14,0,1,0
BRDA:44,1,0,0
BRDA:44,1,1,0
BRDA:55,2,0,0
BRDA:55,2,1,0
BRF:6
BRH:0
end_of_record
TN:
SF:src\modules\users\repository\userRepository.ts
FN:4,createUser
FN:11,findUserByUsername
FNF:2
FNH:1
FNDA:0,createUser
FNDA:1,findUserByUsername
DA:2,1
DA:8,0
DA:12,1
DA:15,1
LF:4
LH:3
BRF:0
BRH:0
end_of_record
TN:
SF:src\modules\users\test\user.spec.ts
FN:6,(anonymous_14)
FN:10,(anonymous_15)
FN:11,(anonymous_16)
FN:11,(anonymous_17)
FN:15,(anonymous_18)
FN:31,(anonymous_19)
FN:32,(anonymous_20)
FN:32,(anonymous_21)
FN:36,(anonymous_22)
FN:46,(anonymous_23)
FN:46,(anonymous_24)
FN:50,(anonymous_25)
FN:57,(anonymous_26)
FN:57,(anonymous_27)
FN:61,(anonymous_28)
FNF:15
FNH:11
FNDA:4,(anonymous_14)
FNDA:1,(anonymous_15)
FNDA:1,(anonymous_16)
FNDA:1,(anonymous_17)
FNDA:0,(anonymous_18)
FNDA:1,(anonymous_19)
FNDA:1,(anonymous_20)
FNDA:1,(anonymous_21)
FNDA:0,(anonymous_22)
FNDA:1,(anonymous_23)
FNDA:1,(anonymous_24)
FNDA:0,(anonymous_25)
FNDA:1,(anonymous_26)
FNDA:1,(anonymous_27)
FNDA:0,(anonymous_28)
DA:1,1
DA:2,1
DA:3,1
DA:5,1
DA:6,4
DA:7,1
DA:8,1
DA:10,1
DA:11,1
DA:12,1
DA:16,0
DA:17,0
DA:18,0
DA:19,0
DA:20,0
DA:21,0
DA:22,0
DA:23,0
DA:25,0
DA:31,1
DA:32,1
DA:33,1
DA:37,0
DA:38,0
DA:39,0
DA:40,0
DA:41,0
DA:42,0
DA:46,1
DA:47,1
DA:51,0
DA:52,0
DA:53,0
DA:57,1
DA:58,1
DA:62,0
DA:63,0
DA:64,0
LF:38
LH:17
BRF:0
BRH:0
end_of_record
TN:
SF:src\routes\blogsRoutes.ts
FNF:0
FNH:0
DA:257,1
DA:259,1
DA:261,1
DA:262,1
DA:263,1
DA:266,1
DA:269,1
DA:271,1
DA:274,1
DA:276,1
DA:278,1
LF:11
LH:11
BRF:0
BRH:0
end_of_record
TN:
SF:src\routes\commentsRoutes.ts
FNF:0
FNH:0
DA:103,1
DA:104,1
DA:106,1
DA:109,1
DA:111,1
DA:113,1
DA:116,1
DA:118,1
LF:8
LH:8
BRF:0
BRH:0
end_of_record
TN:
SF:src\routes\index.ts
FNF:0
FNH:0
DA:1,1
DA:2,1
DA:3,1
DA:4,1
DA:5,1
DA:6,1
DA:8,1
DA:10,1
DA:11,1
DA:12,1
DA:13,1
DA:14,1
DA:16,1
LF:13
LH:13
BRF:0
BRH:0
end_of_record
TN:
SF:src\routes\mesagesRoutes.ts
FNF:0
FNH:0
DA:100,1
DA:101,1
DA:103,1
DA:106,1
DA:108,1
DA:109,1
DA:111,1
LF:7
LH:7
BRF:0
BRH:0
end_of_record
TN:
SF:src\routes\projectsRoutes.ts
FNF:0
FNH:0
DA:119,1
DA:121,1
DA:123,1
DA:124,1
DA:127,1
DA:129,1
DA:131,1
DA:133,1
LF:8
LH:8
BRF:0
BRH:0
end_of_record
TN:
SF:src\routes\usersRoutes.ts
FNF:0
FNH:0
DA:107,1
DA:109,1
DA:111,1
DA:114,1
DA:115,1
DA:117,1
LF:6
LH:6
BRF:0
BRH:0
end_of_record
TN:
SF:src\utils\cloudinary.ts
FN:11,(anonymous_1)
FNF:1
FNH:0
FNDA:0,(anonymous_1)
DA:1,1
DA:2,1
DA:3,1
DA:5,1
DA:11,1
LF:5
LH:5
BRF:0
BRH:0
end_of_record
